c:\_data\upc\vj\2d_game\02-bubble\debug\vc143.pdb
c:\_data\upc\vj\2d_game\02-bubble\debug\vc143.idb
c:\_data\upc\vj\2d_game\02-bubble\debug\tilemap.obj
c:\_data\upc\vj\2d_game\02-bubble\debug\texture.obj
c:\_data\upc\vj\2d_game\02-bubble\debug\sprite.obj
c:\_data\upc\vj\2d_game\02-bubble\debug\shaderprogram.obj
c:\_data\upc\vj\2d_game\02-bubble\debug\shader.obj
c:\_data\upc\vj\2d_game\02-bubble\debug\scene.obj
c:\_data\upc\vj\2d_game\02-bubble\debug\player.obj
c:\_data\upc\vj\2d_game\02-bubble\debug\main.obj
c:\_data\upc\vj\2d_game\02-bubble\debug\game.obj
c:\_data\upc\vj\2d_game\02-bubble\debug\02-bubble.ilk
c:\_data\upc\vj\2d_game\debug\02-bubble.exe
c:\_data\upc\vj\2d_game\debug\02-bubble.pdb
c:\_data\upc\vj\2d_game\debug\02-bubble.ilk
c:\_data\upc\vj\2d_game\02-bubble\debug\02-bubble.tlog\cl.command.1.tlog
c:\_data\upc\vj\2d_game\02-bubble\debug\02-bubble.tlog\cl.read.1.tlog
c:\_data\upc\vj\2d_game\02-bubble\debug\02-bubble.tlog\cl.write.1.tlog
c:\_data\upc\vj\2d_game\02-bubble\debug\02-bubble.tlog\link.command.1.tlog
c:\_data\upc\vj\2d_game\02-bubble\debug\02-bubble.tlog\link.read.1.tlog
c:\_data\upc\vj\2d_game\02-bubble\debug\02-bubble.tlog\link.write.1.tlog
